
<<< setup

Version identifier: 22.1.1.0 | 2022-11-28 | 9160aff4d
CPXPARAM_TimeLimit                               18000
Tried aggregator 1 time.
MIP Presolve eliminated 1022 rows and 2 columns.
MIP Presolve modified 560 coefficients.
Reduced MIP has 1976826 rows, 1321617 columns, and 7109046 nonzeros.
Reduced MIP has 657114 binaries, 662691 generals, 0 SOSs, and 0 indicators.
Presolve time = 6.16 sec. (5385.95 ticks)
Found incumbent of value 80.000000 after 8.11 sec. (6460.33 ticks)
Elapsed time = 12.24 sec. (10001.64 ticks) for 0% of probing (455 vars fixed)
Elapsed time = 25.18 sec. (20016.14 ticks) for 1% of probing (645 vars fixed)
Elapsed time = 37.26 sec. (30034.64 ticks) for 1% of probing (770 vars fixed)
Elapsed time = 49.13 sec. (40087.14 ticks) for 2% of probing (815 vars fixed)
Elapsed time = 61.90 sec. (50147.77 ticks) for 2% of probing (872 vars fixed)
Elapsed time = 77.09 sec. (60975.29 ticks) for 2% of probing (6054 vars fixed)
Elapsed time = 90.85 sec. (71020.64 ticks) for 2% of probing (6202 vars fixed)
Elapsed time = 103.31 sec. (81024.24 ticks) for 3% of probing (6340 vars fixed)
Elapsed time = 115.75 sec. (91024.83 ticks) for 3% of probing (6474 vars fixed)
Elapsed time = 128.23 sec. (101028.29 ticks) for 3% of probing (6625 vars fixed)
Elapsed time = 140.69 sec. (111117.56 ticks) for 4% of probing (6744 vars fixed)
Elapsed time = 153.12 sec. (121127.66 ticks) for 4% of probing (6853 vars fixed)
Elapsed time = 165.58 sec. (131146.16 ticks) for 4% of probing (6972 vars fixed)
Elapsed time = 178.03 sec. (141169.95 ticks) for 5% of probing (7093 vars fixed)
Elapsed time = 190.46 sec. (151207.62 ticks) for 5% of probing (7208 vars fixed)
Elapsed time = 202.99 sec. (161212.02 ticks) for 5% of probing (7349 vars fixed)
Elapsed time = 215.58 sec. (171227.11 ticks) for 6% of probing (7496 vars fixed)
Elapsed time = 228.03 sec. (181228.14 ticks) for 6% of probing (7629 vars fixed)
Elapsed time = 240.38 sec. (191233.59 ticks) for 6% of probing (7748 vars fixed)
Elapsed time = 252.78 sec. (201248.64 ticks) for 7% of probing (7896 vars fixed)
Elapsed time = 264.41 sec. (211261.10 ticks) for 7% of probing (20625 vars fixed)
Elapsed time = 277.58 sec. (221266.48 ticks) for 7% of probing (20779 vars fixed)
Elapsed time = 289.89 sec. (231270.46 ticks) for 8% of probing (20894 vars fixed)
Elapsed time = 302.25 sec. (241283.50 ticks) for 8% of probing (21000 vars fixed)
Probing fixed 24344 vars, tightened 27374 bounds.
Probing time = 311.48 sec. (247393.19 ticks)
Tried aggregator 1 time.
Detecting symmetries...
MIP Presolve eliminated 73932 rows and 48688 columns.
MIP Presolve modified 3978 coefficients.
Reduced MIP has 1902894 rows, 1272929 columns, and 6848729 nonzeros.
Reduced MIP has 632770 binaries, 638347 generals, 0 SOSs, and 0 indicators.
Presolve time = 7.25 sec. (4939.63 ticks)
Elapsed time = 7.21 sec. (10025.28 ticks) for 0% of probing (351 vars fixed)
Elapsed time = 14.67 sec. (20027.71 ticks) for 1% of probing (456 vars fixed)
Elapsed time = 21.03 sec. (30044.18 ticks) for 1% of probing (756 vars fixed)
Elapsed time = 27.57 sec. (40063.68 ticks) for 2% of probing (820 vars fixed)
Elapsed time = 50.85 sec. (50110.90 ticks) for 2% of probing (4051 vars fixed)
Elapsed time = 63.88 sec. (60188.87 ticks) for 2% of probing (4051 vars fixed)
Elapsed time = 76.67 sec. (70198.99 ticks) for 2% of probing (4066 vars fixed)
Elapsed time = 90.17 sec. (80276.92 ticks) for 2% of probing (4079 vars fixed)
Elapsed time = 103.77 sec. (90278.24 ticks) for 2% of probing (4103 vars fixed)
Elapsed time = 117.49 sec. (100303.79 ticks) for 2% of probing (4151 vars fixed)
Elapsed time = 128.96 sec. (110335.95 ticks) for 3% of probing (4219 vars fixed)
Elapsed time = 136.09 sec. (120357.49 ticks) for 3% of probing (4266 vars fixed)
Elapsed time = 143.22 sec. (130373.66 ticks) for 3% of probing (4330 vars fixed)
Elapsed time = 150.46 sec. (140497.48 ticks) for 3% of probing (4446 vars fixed)
Elapsed time = 157.68 sec. (150503.05 ticks) for 4% of probing (4582 vars fixed)
Elapsed time = 168.48 sec. (161663.86 ticks) for 4% of probing (7960 vars fixed)
Elapsed time = 182.07 sec. (171973.32 ticks) for 4% of probing (8605 vars fixed)
Probing fixed 8640 vars, tightened 8640 bounds.
Probing time = 185.13 sec. (173033.63 ticks)
Clique table members: 8807.
MIP emphasis: balance optimality and feasibility.
MIP search method: dynamic search.
Parallel mode: deterministic, using up to 8 threads.
Root relaxation solution time = 611.02 sec. (246849.33 ticks)

        Nodes                                         Cuts/
   Node  Left     Objective  IInf  Best Integer    Best Bound    ItCnt     Gap

*     0+    0                           80.0000        0.0000           100.00%
      0     0        0.0000  1198       80.0000        0.0000       21  100.00%
      0     0        0.0000  1359       80.0000    Cuts: 1060   113370  100.00%
      0     0        0.0000  1403       80.0000     Cuts: 997   169912  100.00%
Detecting symmetries...
      0     2        0.0000  1164       80.0000        0.0000   209470  100.00%
Elapsed time = 3724.44 sec. (3613669.73 ticks, tree = 0.02 MB, solutions = 1)
      1     3        0.0000   980       80.0000        0.0000   272857  100.00%
      2     3        0.0000  1205       80.0000        0.0000   241513  100.00%
      3     5        0.0000  1333       80.0000        0.0000   304967  100.00%
      5     4        0.0000   990       80.0000        0.0000   298529  100.00%
      6     6        0.0000   897       80.0000        0.0000   331164  100.00%
      7     7        0.0000   895       80.0000        0.0000   331194  100.00%
      8     8        0.0000   893       80.0000        0.0000   331209  100.00%
      9     9        0.0000   891       80.0000        0.0000   331226  100.00%
     10    10        0.0000   889       80.0000        0.0000   331229  100.00%
     11    11        0.0000   847       80.0000        0.0000   331415  100.00%
Elapsed time = 4375.28 sec. (4220479.84 ticks, tree = 1.18 MB, solutions = 1)
     13    13        0.0000   843       80.0000        0.0000   331427  100.00%
     15    15        0.0000   839       80.0000        0.0000   331433  100.00%
     18    16        0.0000   835       80.0000        0.0000   331444  100.00%
     19    17        0.0000   821       80.0000        0.0000   331486  100.00%
     21    19        0.0000   808       80.0000        0.0000   331545  100.00%
     23    21        0.0000   804       80.0000        0.0000   331555  100.00%
     25    21        0.0000   814       80.0000        0.0000   331668  100.00%
     28    24        0.0000   835       80.0000        0.0000   332097  100.00%
     31    25        0.0000   769       80.0000        0.0000   332153  100.00%
     33    27        0.0000   731       80.0000        0.0000   332173  100.00%
Elapsed time = 4538.16 sec. (4244315.51 ticks, tree = 83.09 MB, solutions = 1)
     34    28        0.0000   727       80.0000        0.0000   332357  100.00%
     37    31        0.0000   736       80.0000        0.0000   332675  100.00%
     39    33        0.0000   737       80.0000        0.0000   332887  100.00%
     41    35        0.0000   720       80.0000        0.0000   333233  100.00%
     44    36        0.0000   719       80.0000        0.0000   333237  100.00%
     51     6        0.0000   988       80.0000        0.0000   330644  100.00%
     52     4        0.0000   953       80.0000        0.0000   272952  100.00%
     53     5        0.0000  1366       80.0000        0.0000   304970  100.00%
     54    31        0.0000   731       80.0000        0.0000   333238  100.00%
     55     9        0.0000   795       80.0000        0.0000   331657  100.00%
Elapsed time = 4959.63 sec. (4379672.18 ticks, tree = 0.02 MB, solutions = 1)
     56    12        0.0000   772       80.0000        0.0000   356822  100.00%
     57    13        0.0000   729       80.0000        0.0000   356990  100.00%
     58    14        0.0000   733       80.0000        0.0000   357210  100.00%
     59    15        0.0000   726       80.0000        0.0000   357316  100.00%
     61    17        0.0000   713       80.0000        0.0000   357658  100.00%
     62    18        0.0000   713       80.0000        0.0000   357663  100.00%
*    63+    5                           79.0000        0.0000           100.00%
     63     7        0.0000   767       79.0000        0.0000   331558  100.00%
     64     8        0.0000   769       79.0000        0.0000   331856  100.00%
     65    35        0.0000   708       79.0000        0.0000   350827  100.00%
     66    36        0.0000   708       79.0000        0.0000   350835  100.00%
Elapsed time = 5248.26 sec. (4453761.73 ticks, tree = 144.05 MB, solutions = 3)
     68    36        0.0000   707       79.0000        0.0000   350841  100.00%
     70    36        0.0000   702       79.0000        0.0000   350880  100.00%
     74    19        0.0000   729       79.0000        0.0000   373994  100.00%
     75    36        0.0000   717       79.0000        0.0000   360808  100.00%
     77    37        0.0000   713       79.0000        0.0000   360815  100.00%
     79    38        0.0000   709       79.0000        0.0000   360822  100.00%
     82    39        0.0000   707       79.0000        0.0000   360830  100.00%
     87    39    infeasible             79.0000        0.0000   360836  100.00%
     90    40        0.0000   705       79.0000        0.0000   360840  100.00%
     91    41        0.0000   701       79.0000        0.0000   360846  100.00%
Elapsed time = 5406.17 sec. (4477698.58 ticks, tree = 130.69 MB, solutions = 3)
     95    42        0.0000   701       79.0000        0.0000   360863  100.00%
     98    58        0.0000   772       79.0000        0.0000   412561  100.00%
    101    61        0.0000   765       79.0000        0.0000   412578  100.00%
    104    62        0.0000   761       79.0000        0.0000   412616  100.00%
    108    43        0.0000   689       79.0000        0.0000   360903  100.00%
    111    66        0.0000   751       79.0000        0.0000   412647  100.00%
    115    45        0.0000   743       79.0000        0.0000   361280  100.00%
    118    67        0.0000   701       79.0000        0.0000   412751  100.00%
    122    70        0.0000   695       79.0000        0.0000   412755  100.00%
    125    71        0.0000   691       79.0000        0.0000   412757  100.00%
Elapsed time = 5406.17 sec. (4490318.74 ticks, tree = 83.03 MB, solutions = 3)
    129    47        0.0000   669       79.0000        0.0000   361917  100.00%
    130    48        0.0000   659       79.0000        0.0000   361930  100.00%
    133    38        0.0000   742       79.0000        0.0000   362548  100.00%
    134    39        0.0000   740       79.0000        0.0000   362552  100.00%
    137    51        0.0000   655       79.0000        0.0000   361963  100.00%
    139    41        0.0000   728       79.0000        0.0000   362594  100.00%
    140    51        0.0000   655       79.0000        0.0000   361970  100.00%
    141    52        0.0000   654       79.0000        0.0000   361980  100.00%
    142    64        0.0000   650       79.0000        0.0000   440441  100.00%
    143    65        0.0000   648       79.0000        0.0000   440464  100.00%
Elapsed time = 5446.43 sec. (4504480.44 ticks, tree = 108.63 MB, solutions = 3)
    145    67        0.0000   641       79.0000        0.0000   440562  100.00%
    147    68        0.0000   638       79.0000        0.0000   440578  100.00%
    150    68        0.0000   638       79.0000        0.0000   440581  100.00%
    152    71        0.0000   698       79.0000        0.0000   469486  100.00%
    154    68        0.0000   636       79.0000        0.0000   440585  100.00%
    156    68        0.0000   636       79.0000        0.0000   440588  100.00%
    158    73        0.0000   692       79.0000        0.0000   469602  100.00%
    162    38        0.0000   747       79.0000        0.0000   359076  100.00%
    165    71        0.0000   745       79.0000        0.0000   493449  100.00%
    171    77        0.0000   687       79.0000        0.0000   469612  100.00%
Elapsed time = 5482.18 sec. (4517329.85 ticks, tree = 142.91 MB, solutions = 3)
    175    77    infeasible             79.0000        0.0000   469617  100.00%
    176    73        0.0000   739       79.0000        0.0000   493470  100.00%
    179    69    infeasible             79.0000        0.0000   440612  100.00%
    182    70        0.0000   629       79.0000        0.0000   440620  100.00%
    187    80        0.0000   680       79.0000        0.0000   469663  100.00%
    192    73        0.0000   623       79.0000        0.0000   440667  100.00%
    195    82        0.0000   676       79.0000        0.0000   469677  100.00%
    198    76        0.0000   614       79.0000        0.0000   440710  100.00%
    201    77        0.0000   611       79.0000        0.0000   440738  100.00%
    205    85        0.0000   669       79.0000        0.0000   469731  100.00%
Elapsed time = 5498.86 sec. (4529679.31 ticks, tree = 147.57 MB, solutions = 3)
    208    78        0.0000   607       79.0000        0.0000   440752  100.00%
    211    81        0.0000   691       79.0000        0.0000   494112  100.00%
    215    87        0.0000   666       79.0000        0.0000   469737  100.00%
    217    88        0.0000   663       79.0000        0.0000   469759  100.00%
    221    78        0.0000   717       79.0000        0.0000   441415  100.00%
    225    91        0.0000   654       79.0000        0.0000   469785  100.00%
    227    85        0.0000   677       79.0000        0.0000   494146  100.00%
    230    85        0.0000   676       79.0000        0.0000   494149  100.00%
    231    86        0.0000   673       79.0000        0.0000   494182  100.00%
    236    89        0.0000   672       79.0000        0.0000   494261  100.00%
Elapsed time = 5559.76 sec. (4547045.32 ticks, tree = 147.57 MB, solutions = 3)
    241    92        0.0000   667       79.0000        0.0000   494275  100.00%
    247    96        0.0000   655       79.0000        0.0000   494304  100.00%
    256    74        0.0000   725       79.0000        0.0000   511551  100.00%
    262    75        0.0000   704       79.0000        0.0000   511929  100.00%
    269    78        0.0000   649       79.0000        0.0000   512162  100.00%
    274    81        0.0000   640       79.0000        0.0000   512187  100.00%
    280    82        0.0000   637       79.0000        0.0000   512201  100.00%
    283    83        0.0000   633       79.0000        0.0000   512237  100.00%
    290    95        0.0000   877       79.0000        0.0000   512570  100.00%
    295    79        0.0000   615       79.0000        0.0000   470921  100.00%
Elapsed time = 5700.16 sec. (4596567.85 ticks, tree = 116.81 MB, solutions = 3)
    301   111        0.0000   610       79.0000        0.0000   542888  100.00%
    306    93        0.0000   624       79.0000        0.0000   554062  100.00%
    310   137        0.0000   618       79.0000        0.0000   626770  100.00%
    315   138        0.0000   614       79.0000        0.0000   627236  100.00%
    321   138        0.0000   610       79.0000        0.0000   628474  100.00%
    322    96        0.0000   783       79.0000        0.0000   514259  100.00%
    327    99        0.0000   776       79.0000        0.0000   514285  100.00%
    332   102        0.0000   768       79.0000        0.0000   514328  100.00%
    334   144       -0.0000   762       79.0000        0.0000   630158  100.00%
    341   145        0.0000   757       79.0000        0.0000   630184  100.00%
Elapsed time = 5874.23 sec. (4649226.21 ticks, tree = 140.71 MB, solutions = 3)
    343   147        0.0000   759       79.0000        0.0000   630226  100.00%
    348   151        0.0000   759       79.0000        0.0000   630261  100.00%
    354   154        0.0000   750       79.0000        0.0000   630295  100.00%
    360   148        0.0000   827       79.0000        0.0000   676851  100.00%
    369   151        0.0000   820       79.0000        0.0000   676879  100.00%
    375   151        0.0000   830       79.0000        0.0000   677185  100.00%
    381   151        0.0000   847       79.0000        0.0000   678825  100.00%
    391   151        0.0000   842       79.0000        0.0000   679104  100.00%
    403   147        0.0000  1129       79.0000        0.0000   712265  100.00%
    413   149        0.0000  1150       79.0000        0.0000   712391  100.00%
Elapsed time = 6008.96 sec. (4691750.03 ticks, tree = 101.56 MB, solutions = 3)
    428   176        0.0000   641       79.0000        0.0000   759808  100.00%
    442   152        0.0000  1152       79.0000        0.0000   728592  100.00%
    457   155        0.0000  1116       79.0000        0.0000   728596  100.00%
    466   192        0.0000   620       79.0000        0.0000   861185  100.00%
    483   176       -0.0000   720       79.0000        0.0000   771454  100.00%
    492   191        0.0000   621       79.0000        0.0000   863084  100.00%
    505   160    infeasible             79.0000        0.0000   729554  100.00%
    516   163        0.0000  1131       79.0000        0.0000   729633  100.00%
    527   165        0.0000  1095       79.0000        0.0000   729638  100.00%
    533   203        0.0000   844       79.0000        0.0000   839282  100.00%
Elapsed time = 6159.14 sec. (4736046.58 ticks, tree = 111.71 MB, solutions = 3)
    538   229        0.0000  1088       79.0000        0.0000   854888  100.00%
    545   230        0.0000  1133       79.0000        0.0000   855018  100.00%
    554   231        0.0000  1081       79.0000        0.0000   855023  100.00%
    560   233        0.0000  1078       79.0000        0.0000   855085  100.00%
    568   235        0.0000  1072       79.0000        0.0000   855103  100.00%
    578   203        0.0000   859       79.0000        0.0000   846640  100.00%
    588   203        0.0000   859       79.0000        0.0000   846642  100.00%
    593   233        0.0000   939       79.0000        0.0000   896854  100.00%
    600   236        0.0000   821       79.0000        0.0000   896944  100.00%
    605   237        0.0000   819       79.0000        0.0000   897001  100.00%
Elapsed time = 6300.44 sec. (4777790.55 ticks, tree = 119.45 MB, solutions = 3)
    612   232        0.0000   832       79.0000        0.0000  1039661  100.00%
    620   232        0.0000   838       79.0000        0.0000  1039675  100.00%
    629   232        0.0000   838       79.0000        0.0000  1039678  100.00%
    637   232        0.0000   838       79.0000        0.0000  1039681  100.00%
    645   246        0.0000   804       79.0000        0.0000   898949  100.00%
    656   247        0.0000   798       79.0000        0.0000   899032  100.00%
    665   232        0.0000   841       79.0000        0.0000  1045803  100.00%
    675   250    infeasible             79.0000        0.0000   899160  100.00%
    687   239    infeasible             79.0000        0.0000  1080388  100.00%
    698   253        0.0000   778       79.0000        0.0000   899328  100.00%
Elapsed time = 6435.14 sec. (4821397.56 ticks, tree = 127.98 MB, solutions = 3)
    710   254        0.0000   772       79.0000        0.0000   899409  100.00%
    713   240        0.0000   685       79.0000        0.0000  1080493  100.00%
    718   266        0.0000   768       79.0000        0.0000  1084228  100.00%
    729   240        0.0000   685       79.0000        0.0000  1080526  100.00%
    733   240        0.0000   685       79.0000        0.0000  1080539  100.00%
    735   240        0.0000   687       79.0000        0.0000  1081362  100.00%
    741   265        0.0000   628       79.0000        0.0000  1216943  100.00%
    745   265        0.0000   628       79.0000        0.0000  1216947  100.00%
    754   265        0.0000   628       79.0000        0.0000  1216954  100.00%
    758   267        0.0000   841       79.0000        0.0000  1106128  100.00%
Elapsed time = 6613.77 sec. (4876139.41 ticks, tree = 154.86 MB, solutions = 3)
    764   265        0.0000   628       79.0000        0.0000  1216962  100.00%
    772   269        0.0000   834       79.0000        0.0000  1106186  100.00%
    775   270        0.0000   830       79.0000        0.0000  1106214  100.00%
    787   272        0.0000   824       79.0000        0.0000  1106296  100.00%
    794   265        0.0000   628       79.0000        0.0000  1216978  100.00%
    805   274        0.0000   812       79.0000        0.0000  1106462  100.00%
    812   265        0.0000   628       79.0000        0.0000  1216988  100.00%
    818   265        0.0000   628       79.0000        0.0000  1216994  100.00%
    826   275        0.0000   854       79.0000        0.0000  1257095  100.00%
    834   275    infeasible             79.0000        0.0000  1257948  100.00%
Elapsed time = 6756.93 sec. (4921491.10 ticks, tree = 182.04 MB, solutions = 3)
    843   276        0.0000   905       79.0000        0.0000  1258329  100.00%
    847   263        0.0000   641       79.0000        0.0000  1217962  100.00%
    861   276        0.0000   917       79.0000        0.0000  1258421  100.00%
    869   265        0.0000   628       79.0000        0.0000  1217018  100.00%
    875   276        0.0000   929       79.0000        0.0000  1258487  100.00%
    886   264        0.0000   780       79.0000        0.0000  1260224  100.00%
    892   276        0.0000   937       79.0000        0.0000  1258629  100.00%
    901   276        0.0000   935       79.0000        0.0000  1258708  100.00%
    906   264        0.0000   784       79.0000        0.0000  1264857  100.00%
    912   276        0.0000   949       79.0000        0.0000  1258793  100.00%
Elapsed time = 6841.43 sec. (4965612.02 ticks, tree = 182.04 MB, solutions = 3)
    921   280    infeasible             79.0000        0.0000  1583894  100.00%
    925   277        0.0000   977       79.0000        0.0000  1258897  100.00%
    930   280        0.0000   977       79.0000        0.0000  1259038  100.00%
    932   280        0.0000   977       79.0000        0.0000  1259059  100.00%
    933   277    infeasible             79.0000        0.0000  1468627  100.00%
    934   242        0.0000   749       79.0000        0.0000   914421  100.00%
    936   279    infeasible             79.0000        0.0000  1474478  100.00%
    937   300        0.0000   732       79.0000        0.0000  1671372  100.00%
    941   278    infeasible             79.0000        0.0000  1498169  100.00%
    945   298        0.0000   699       79.0000        0.0000  1727684  100.00%
Elapsed time = 8684.55 sec. (5671151.33 ticks, tree = 200.57 MB, solutions = 3)
    947   279    infeasible             79.0000        0.0000  1587950  100.00%
    948   298        0.0000   657       79.0000        0.0000  1671393  100.00%
    952   302        0.0000   645       79.0000        0.0000  1671467  100.00%
    955   303        0.0000   641       79.0000        0.0000  1671482  100.00%
    958   285    infeasible             79.0000        0.0000  1588215  100.00%
    960   297        0.0000   734       79.0000        0.0000  1731277  100.00%
    963   280    infeasible             79.0000        0.0000  1609725  100.00%
    966   295        0.0000   740       79.0000        0.0000  1732363  100.00%
    969   298        0.0000   731       79.0000        0.0000  1732434  100.00%
    974   299        0.0000   756       79.0000        0.0000  1732507  100.00%
Elapsed time = 9010.94 sec. (5803716.95 ticks, tree = 214.81 MB, solutions = 3)
    977   304        0.0000   657       79.0000        0.0000  1753056  100.00%
    986   300        0.0000   645       79.0000        0.0000  1873213  100.00%
    996   300        0.0000   642       79.0000        0.0000  1873229  100.00%
   1001   299        0.0000   627       79.0000        0.0000  1960517  100.00%
   1007   301        0.0000   662       79.0000        0.0000  1882277  100.00%
   1017   299        0.0000   677       79.0000        0.0000  1964701  100.00%
   1022   300        0.0000   716       79.0000        0.0000  1971344  100.00%
   1026   301        0.0000   679       79.0000        0.0000  1973672  100.00%
   1034   301        0.0000   702       79.0000        0.0000  1978488  100.00%
   1044   301        0.0000   673       79.0000        0.0000  1979598  100.00%
Elapsed time = 9132.90 sec. (5850606.90 ticks, tree = 233.81 MB, solutions = 3)
   1052   301        0.0000   704       79.0000        0.0000  1981146  100.00%
   1062   301        0.0000   706       79.0000        0.0000  1981196  100.00%
   1073   310        0.0000   634       79.0000        0.0000  2215605  100.00%
   1084   311       -0.0000   638       79.0000        0.0000  2215714  100.00%
   1096   311        0.0000   624       79.0000        0.0000  2215781  100.00%
   1104   311        0.0000   649       79.0000        0.0000  2216068  100.00%
   1110   311        0.0000   658       79.0000        0.0000  2216355  100.00%
   1120   311        0.0000   647       79.0000        0.0000  2218637  100.00%
   1132   301        0.0000   782       79.0000        0.0000  1993924  100.00%
   1145   301        0.0000   756       79.0000        0.0000  1994021  100.00%
Elapsed time = 9310.24 sec. (5892756.31 ticks, tree = 233.81 MB, solutions = 3)
   1160   311        0.0000   658       79.0000        0.0000  2218786  100.00%
   1177   301        0.0000   756       79.0000        0.0000  1994028  100.00%
   1190   310        0.0000   715       79.0000        0.0000  2289838  100.00%
   1207   301        0.0000   790       79.0000        0.0000  1997184  100.00%
   1225   311        0.0000   681       79.0000        0.0000  2220463  100.00%
   1237   311        0.0000   681       79.0000        0.0000  2220466  100.00%
   1247   311        0.0000   681       79.0000        0.0000  2220469  100.00%
   1257   311        0.0000   681       79.0000        0.0000  2220472  100.00%
   1265   301        0.0000   797       79.0000        0.0000  2001257  100.00%
   1273   311        0.0000   700       79.0000        0.0000  2220815  100.00%
Elapsed time = 9474.86 sec. (5933715.60 ticks, tree = 203.68 MB, solutions = 3)
   1279   311        0.0000   701       79.0000        0.0000  2220906  100.00%
   1287   311        0.0000   702       79.0000        0.0000  2221048  100.00%
   1293   301        0.0000   814       79.0000        0.0000  2013697  100.00%
   1299   301        0.0000   770       79.0000        0.0000  2017177  100.00%
   1308   311       -0.0000   708       79.0000        0.0000  2221693  100.00%
   1314   311       -0.0000   707       79.0000        0.0000  2222070  100.00%
   1320   311        0.0000   696       79.0000        0.0000  2222476  100.00%
   1326   311        0.0000   704       79.0000        0.0000  2222572  100.00%
   1332   311        0.0000   695       79.0000        0.0000  2222766  100.00%
   1333   302        0.0000   910       79.0000        0.0000  2285549  100.00%
Elapsed time = 9590.15 sec. (5987748.16 ticks, tree = 229.81 MB, solutions = 3)
   1334   293        0.0000   650       79.0000        0.0000  1800253  100.00%
   1335   309       -0.0000   753       79.0000        0.0000  2456138  100.00%
   1339   309        0.0000   760       79.0000        0.0000  2459092  100.00%
   1343   311        0.0000   772       79.0000        0.0000  2459136  100.00%
   1347   311        0.0000   749       79.0000        0.0000  2459526  100.00%
   1354   309        0.0000   681       79.0000        0.0000  2401249  100.00%
   1361   311        0.0000   724       79.0000        0.0000  2404602  100.00%
   1364   301        0.0000   699       79.0000        0.0000  1892225  100.00%
   1366   310       -0.0000   720       79.0000        0.0000  2464504  100.00%
   1371   311        0.0000   696       79.0000        0.0000  2465519  100.00%
Elapsed time = 9935.00 sec. (6076924.82 ticks, tree = 221.49 MB, solutions = 3)
   1375   311        0.0000   717       79.0000        0.0000  2465761  100.00%
   1379   311       -0.0000   730       79.0000        0.0000  2466456  100.00%
   1384   310        0.0000   725       79.0000        0.0000  2405199  100.00%
   1386   310        0.0000  1047       79.0000        0.0000  2483644  100.00%
   1387   276    infeasible             79.0000        0.0000  1584874  100.00%
   1388   298    infeasible             79.0000        0.0000  1744678  100.00%
   1393   314        0.0000   663       79.0000        0.0000  2544207  100.00%
   1397   314        0.0000   687       79.0000        0.0000  2544707  100.00%
   1401   314        0.0000   707       79.0000        0.0000  2544872  100.00%
   1405   314        0.0000   724       79.0000        0.0000  2544968  100.00%
Elapsed time = 10257.48 sec. (6180565.68 ticks, tree = 224.81 MB, solutions = 3)
   1409   314        0.0000   741       79.0000        0.0000  2545152  100.00%
   1413   314       -0.0000   737       79.0000        0.0000  2545248  100.00%
   1422   314        0.0000   726       79.0000        0.0000  2545347  100.00%
   1426   314        0.0000   748       79.0000        0.0000  2545426  100.00%
   1432   314        0.0000   755       79.0000        0.0000  2545485  100.00%
   1437   314        0.0000   754       79.0000        0.0000  2545632  100.00%
   1441   314        0.0000   761       79.0000        0.0000  2546428  100.00%
   1451   309        0.0000   583       79.0000        0.0000  2836927  100.00%
   1462   314       -0.0000   770       79.0000        0.0000  2546538  100.00%
   1476   315        0.0000   756       79.0000        0.0000  2962181  100.00%
Elapsed time = 10409.31 sec. (6225282.31 ticks, tree = 216.21 MB, solutions = 3)
   1486   315        0.0000   763       79.0000        0.0000  2962377  100.00%
   1496   313        0.0000   593       79.0000        0.0000  2837524  100.00%
   1504   313       -0.0000   613       79.0000        0.0000  2837787  100.00%
   1518   315        0.0000   765       79.0000        0.0000  2963954  100.00%
   1528   315        0.0000   753       79.0000        0.0000  2964571  100.00%
   1538   317        1.0000   747       79.0000        0.0000  2649804  100.00%
   1543   315        0.0000   762       79.0000        0.0000  2965169  100.00%
   1547   315       -0.0000   770       79.0000        0.0000  2965703  100.00%
   1554   313        0.0000   616       79.0000        0.0000  2838321  100.00%
   1564   313        0.0000   621       79.0000        0.0000  2838637  100.00%
Elapsed time = 10768.05 sec. (6268383.02 ticks, tree = 220.83 MB, solutions = 3)
   1572   313        0.0000   648       79.0000        0.0000  2838764  100.00%
   1580   313        0.0000   660       79.0000        0.0000  2839011  100.00%
   1592   315        0.0000   765       79.0000        0.0000  2966329  100.00%
   1600   313        0.0000   681       79.0000        0.0000  2839100  100.00%
   1612   315        0.0000   762       79.0000        0.0000  2966723  100.00%
   1621   312    infeasible             79.0000        0.0000  2841121  100.00%
   1630   315        0.0000   762       79.0000        0.0000  2966729  100.00%
   1640   315        0.0000   762       79.0000        0.0000  2966732  100.00%
   1650   313        0.0000   692       79.0000        0.0000  2842176  100.00%
   1660   313        0.0000   685       79.0000        0.0000  2842196  100.00%
Elapsed time = 10768.05 sec. (6310769.54 ticks, tree = 220.83 MB, solutions = 3)
   1670   315        0.0000   781       79.0000        0.0000  2967092  100.00%
   1678   315        0.0000   775       79.0000        0.0000  2967146  100.00%
   1686   315        0.0000   761       79.0000        0.0000  2967266  100.00%
   1695   311        0.0000   678       79.0000        0.0000  2976818  100.00%
   1709   326        0.0000   740       79.0000        0.0000  3068854  100.00%
   1723   320        0.0000   718       79.0000        0.0000  3038921  100.00%
   1741   323        0.0000   715       79.0000        0.0000  3039037  100.00%
   1755   319        0.0000   602       79.0000        0.0000  2977177  100.00%
   1771   315        0.0000   772       79.0000        0.0000  2973461  100.00%
   1788   319       -0.0000   629       79.0000        0.0000  2977753  100.00%
Elapsed time = 10847.75 sec. (6353895.77 ticks, tree = 202.23 MB, solutions = 3)
   1806   315        0.0000   774       79.0000        0.0000  2975361  100.00%
   1817   319        0.0000   634       79.0000        0.0000  2977941  100.00%
   1824   339        0.0000   719       79.0000        0.0000  3041200  100.00%
   1835   341        0.0000   736       79.0000        0.0000  3041281  100.00%
   1845   319        0.0000   690       79.0000        0.0000  2979425  100.00%
   1855   330        0.0000   695       79.0000        0.0000  3110247  100.00%
   1867   340        0.0000   765       79.0000        0.0000  3080830  100.00%
   1877   336        0.0000   693       79.0000        0.0000  3110435  100.00%
   1886   353        0.0000   739       79.0000        0.0000  3042270  100.00%
   1894   342        0.0000   717       79.0000        0.0000  3113859  100.00%
Elapsed time = 11012.31 sec. (6397626.64 ticks, tree = 232.76 MB, solutions = 3)
   1901   358       -0.0000   786       79.0000        0.0000  3042403  100.00%
   1905   349        0.0000   717       79.0000        0.0000  3113866  100.00%
   1912   354        0.0000   717       79.0000        0.0000  3113871  100.00%
   1918   375        0.0000   797       79.0000        0.0000  3117749  100.00%
   1922   359        0.0000   710       79.0000        0.0000  3113934  100.00%
   1927   380        0.0000   811       79.0000        0.0000  3120037  100.00%
   1934   365        0.0000   723       79.0000        0.0000  3115597  100.00%
   1939   386       -0.0000   816       79.0000        0.0000  3120341  100.00%
   1944   370        0.0000   723       79.0000        0.0000  3115859  100.00%
   1951   391        0.0000   805       79.0000        0.0000  3121083  100.00%
Elapsed time = 11250.70 sec. (6440375.86 ticks, tree = 286.74 MB, solutions = 3)
   1958   377        0.0000   731       79.0000        0.0000  3116978  100.00%
   1962   396        0.0000   810       79.0000        0.0000  3121287  100.00%
   1968   383        0.0000   731       79.0000        0.0000  3116984  100.00%
   1974   399        0.0000   810       79.0000        0.0000  3121800  100.00%
   1978   389        0.0000   737       79.0000        0.0000  3117064  100.00%
   1986   404        0.0000   789       79.0000        0.0000  3122513  100.00%
   1993   407        0.0000   784       79.0000        0.0000  3122655  100.00%
   1997   409        0.0000   783       79.0000        0.0000  3122769  100.00%
   2003   403        0.0000   743       79.0000        0.0000  3117204  100.00%
   2009   406        0.0000   731       79.0000        0.0000  3117489  100.00%
Elapsed time = 11481.07 sec. (6481545.91 ticks, tree = 270.39 MB, solutions = 3)
   2015   418        0.0000   812       79.0000        0.0000  3123317  100.00%
   2022   421        0.0000   802       79.0000        0.0000  3123377  100.00%
   2029   425        0.0000   802       79.0000        0.0000  3123381  100.00%
   2036   419        0.0000   733       79.0000        0.0000  3117929  100.00%
   2042   432        0.0000   829       79.0000        0.0000  3123785  100.00%
   2048   425        0.0000   739       79.0000        0.0000  3118109  100.00%
   2054   438        0.0000   848       79.0000        0.0000  3124611  100.00%
   2064   441        0.0000   842       79.0000        0.0000  3124665  100.00%
   2070   444        0.0000   850       79.0000        0.0000  3124955  100.00%
   2081   447        0.0000   833       79.0000        0.0000  3126569  100.00%
Elapsed time = 11546.04 sec. (6528021.30 ticks, tree = 319.56 MB, solutions = 3)
   2087   396        0.0000   771       79.0000        0.0000  3227123  100.00%
   2094   452        0.0000   853       79.0000        0.0000  3126759  100.00%
   2102   373        0.0000   642       79.0000        0.0000  3202380  100.00%
   2111   375        0.0000   652       79.0000        0.0000  3202640  100.00%
   2121   402        0.0000   796       79.0000        0.0000  3228183  100.00%
   2129   376        0.0000   680       79.0000        0.0000  3304547  100.00%
   2132   383        0.0000   691       79.0000        0.0000  3206775  100.00%
   2140   377        0.0000   699       79.0000        0.0000  3311515  100.00%
   2146   378        0.0000   697       79.0000        0.0000  3312999  100.00%
   2152   391        0.0000   714       79.0000        0.0000  3208655  100.00%
Elapsed time = 11751.39 sec. (6571606.49 ticks, tree = 326.98 MB, solutions = 3)
   2158   395        0.0000   703       79.0000        0.0000  3208911  100.00%
   2164   382        0.0000   728       79.0000        0.0000  3321976  100.00%
   2170   521        0.0000   732       79.0000        0.0000  3284979  100.00%
   2174   524        0.0000   713       79.0000        0.0000  3285037  100.00%
   2179   526        0.0000   710       79.0000        0.0000  3286768  100.00%
   2182   527        0.0000   785       79.0000        0.0000  3287471  100.00%
   2187   532        0.0000   732       79.0000        0.0000  3403172  100.00%
   2193   532       -0.0000   755       79.0000        0.0000  3287854  100.00%
   2198   533        0.0000   766       79.0000        0.0000  3288195  100.00%
   2205   537        0.0000   734       79.0000        0.0000  3405742  100.00%
Elapsed time = 11887.43 sec. (6613826.68 ticks, tree = 422.48 MB, solutions = 3)
   2211   539        0.0000   762       79.0000        0.0000  3288416  100.00%
   2215   542        0.0000   748       79.0000        0.0000  3288670  100.00%
   2221   545        0.0000   784       79.0000        0.0000  3288816  100.00%
   2228   543        0.0000   744       79.0000        0.0000  3419459  100.00%
   2234   543        0.0000   736       79.0000        0.0000  3422215  100.00%
   2243   546        0.0000   739       79.0000        0.0000  3426670  100.00%
   2250   558        0.0000   747       79.0000        0.0000  3292236  100.00%
   2256   561        0.0000   746       79.0000        0.0000  3292245  100.00%
   2262   563        0.0000   734       79.0000        0.0000  3292965  100.00%
   2267   566       -0.0000   746       79.0000        0.0000  3293764  100.00%
Elapsed time = 12030.06 sec. (6659035.92 ticks, tree = 455.26 MB, solutions = 3)
   2271   569        0.0000   737       79.0000        0.0000  3293807  100.00%
   2277   573        0.0000   735       79.0000        0.0000  3294092  100.00%
   2288   577        0.0000   736       79.0000        0.0000  3294134  100.00%
   2299   580        0.0000   755       79.0000        0.0000  3294149  100.00%
   2305   582        0.0000   756       79.0000        0.0000  3295979  100.00%
   2312   549        0.0000   814       79.0000        0.0000  3455056  100.00%
   2320   588        0.0000   761       79.0000        0.0000  3300160  100.00%
   2324   592        0.0000   784       79.0000        0.0000  3300348  100.00%
   2328   596        0.0000   767       79.0000        0.0000  3300437  100.00%
   2330   598        0.0000   771       79.0000        0.0000  3300462  100.00%
Elapsed time = 12119.09 sec. (6706704.80 ticks, tree = 498.99 MB, solutions = 3)
   2333   698        0.0000   773       79.0000        0.0000  3471291  100.00%
   2336   701        0.0000   788       79.0000        0.0000  3471445  100.00%
   2346   704       -0.0000   771       79.0000        0.0000  3472648  100.00%
   2355   619        0.0000   663       79.0000        0.0000  3459813  100.00%
   2364   711        0.0000   768       79.0000        0.0000  3473773  100.00%
   2374   621        0.0000   691       79.0000        0.0000  3461142  100.00%
   2384   724        0.0000   718       79.0000        0.0000  3530347  100.00%
   2392   727        0.0000   747       79.0000        0.0000  3530517  100.00%
   2399   728        0.0000   746       79.0000        0.0000  3530597  100.00%
   2408   623        0.0000   709       79.0000        0.0000  3462151  100.00%
Elapsed time = 12234.27 sec. (6749985.66 ticks, tree = 458.36 MB, solutions = 3)
   2418   734        0.0000   752       79.0000        0.0000  3532252  100.00%
   2426   625        0.0000   700       79.0000        0.0000  3462355  100.00%
   2433   626        0.0000   703       79.0000        0.0000  3463258  100.00%
   2442   628        0.0000   712       79.0000        0.0000  3463307  100.00%
   2453   741        0.0000   771       79.0000        0.0000  3486592  100.00%
   2464   312        0.0000   750       79.0000        0.0000  2707397  100.00%
   2471   748        0.0000   769       79.0000        0.0000  3533454  100.00%
   2477   751       -0.0000   760       79.0000        0.0000  3534254  100.00%
   2482   754        0.0000   776       79.0000        0.0000  3534300  100.00%
   2490   755        0.0000   826       79.0000        0.0000  3487714  100.00%
Elapsed time = 12424.41 sec. (6794308.51 ticks, tree = 645.82 MB, solutions = 3)
   2496   759        0.0000   811       79.0000        0.0000  3487847  100.00%
   2502   763        0.0000   796       79.0000        0.0000  3535415  100.00%
   2506   765        0.0000   793       79.0000        0.0000  3535977  100.00%
   2511   766       -0.0000   818       79.0000        0.0000  3492635  100.00%
   2518   770        0.0000   815       79.0000        0.0000  3492666  100.00%
   2525   773        0.0000   787       79.0000        0.0000  3536467  100.00%
   2530   776        0.0000   799       79.0000        0.0000  3536535  100.00%
   2536   778        0.0000   796       79.0000        0.0000  3536545  100.00%
   2541   783        0.0000   852       79.0000        0.0000  3493329  100.00%
   2548   808        0.0000   860       79.0000        0.0000  3799084  100.00%
Elapsed time = 12427.23 sec. (6837356.51 ticks, tree = 698.65 MB, solutions = 3)
   2555   811        0.0000   847       79.0000        0.0000  3799279  100.00%
   2562   815        0.0000   841       79.0000        0.0000  3799616  100.00%
   2567   882        0.0000   781       79.0000        0.0000  3807893  100.00%
   2575   885        0.0000   801       79.0000        0.0000  3809932  100.00%
   2580   887        0.0000   793       79.0000        0.0000  3809968  100.00%
   2587   828        0.0000   827       79.0000        0.0000  3799872  100.00%
   2592   894       -0.0000   771       79.0000        0.0000  3811934  100.00%
   2598   897        0.0000   775       79.0000        0.0000  3812074  100.00%
   2604   900        0.0000   777       79.0000        0.0000  3812427  100.00%
   2610   903        0.0000   780       79.0000        0.0000  3812601  100.00%
Elapsed time = 12562.40 sec. (6881024.50 ticks, tree = 768.36 MB, solutions = 3)
   2617   842        0.0000   826       79.0000        0.0000  3806332  100.00%
   2623   908        0.0000   780       79.0000        0.0000  3812664  100.00%
   2630   847        0.0000   825       79.0000        0.0000  3806813  100.00%
   2638   915        0.0000   785       79.0000        0.0000  3812723  100.00%
   2642   852        0.0000   809       79.0000        0.0000  3807739  100.00%
   2648   855        0.0000   813       79.0000        0.0000  3807767  100.00%
   2653   922        0.0000   790       79.0000        0.0000  3813820  100.00%
   2661   860        0.0000   821       79.0000        0.0000  3808088  100.00%
   2666   863        0.0000   832       79.0000        0.0000  3808395  100.00%
   2673   928        0.0000   800       79.0000        0.0000  3815266  100.00%
Elapsed time = 12659.38 sec. (6923184.43 ticks, tree = 783.07 MB, solutions = 3)
   2678   869        0.0000   814       79.0000        0.0000  3808639  100.00%
   2685   934        0.0000   805       79.0000        0.0000  3815600  100.00%
   2690   936        0.0000   805       79.0000        0.0000  3815686  100.00%
   2693   938        0.0000   803       79.0000        0.0000  3815819  100.00%
   2699   878        0.0000   830       79.0000        0.0000  3809258  100.00%
   2705   944        0.0000   802       79.0000        0.0000  3816129  100.00%
   2712   946        0.0000   813       79.0000        0.0000  3816237  100.00%
   2717   887        0.0000   799       79.0000        0.0000  3812147  100.00%
   2723   951        0.0000   789       79.0000        0.0000  3816656  100.00%
   2730   954        0.0000   799       79.0000        0.0000  3816717  100.00%
Elapsed time = 12678.86 sec. (6968071.27 ticks, tree = 798.37 MB, solutions = 3)
   2737   990        0.0000   831       79.0000        0.0000  4098321  100.00%
   2743  1057        0.0000   787       79.0000        0.0000  4107102  100.00%
   2749  1060        0.0000   780       79.0000        0.0000  4107129  100.00%
   2754   999        0.0000   844       79.0000        0.0000  4098802  100.00%
   2761  1065        0.0000   783       79.0000        0.0000  4107180  100.00%
   2769  1005        0.0000   847       79.0000        0.0000  4102285  100.00%
   2776  1008        0.0000   847       79.0000        0.0000  4102307  100.00%
   2783  1072        0.0000   810       79.0000        0.0000  4107919  100.00%
   2788  1016        0.0000   847       79.0000        0.0000  4102323  100.00%
   2795  1076        0.0000   807       79.0000        0.0000  4108210  100.00%
Elapsed time = 12777.37 sec. (7008488.24 ticks, tree = 914.75 MB, solutions = 3)
   2801  1024        0.0000   864       79.0000        0.0000  4102458  100.00%
   2806  1081        0.0000   795       79.0000        0.0000  4108506  100.00%
   2813  1029       -0.0000   837       79.0000        0.0000  4103804  100.00%
   2819  1086        0.0000   802       79.0000        0.0000  4108836  100.00%
   2825  1089        0.0000   804       79.0000        0.0000  4110438  100.00%
   2831  1039        0.0000   823       79.0000        0.0000  4104813  100.00%
   2836  1094        0.0000   807       79.0000        0.0000  4110603  100.00%
   2843  1097        0.0000   812       79.0000        0.0000  4110686  100.00%
   2850  1047        0.0000   827       79.0000        0.0000  4105281  100.00%
   2856  1050        0.0000   831       79.0000        0.0000  4105978  100.00%
Elapsed time = 13037.23 sec. (7053176.11 ticks, tree = 930.67 MB, solutions = 3)
   2861  1053        0.0000   831       79.0000        0.0000  4106232  100.00%
   2867  1056        0.0000   839       79.0000        0.0000  4106566  100.00%
   2873  1111        0.0000   794       79.0000        0.0000  4112323  100.00%
   2879  1062        0.0000   837       79.0000        0.0000  4109281  100.00%
   2885  1065        0.0000   839       79.0000        0.0000  4110784  100.00%
   2891  1120        0.0000   802       79.0000        0.0000  4112439  100.00%
   2901  1084        0.0000   638       79.0000        0.0000  4255425  100.00%
   2908  1177        0.0000   851       79.0000        0.0000  4268077  100.00%
   2916  1085        0.0000   658       79.0000        0.0000  4255803  100.00%
   2925  1085       -0.0000   674       79.0000        0.0000  4255996  100.00%
Elapsed time = 13104.85 sec. (7098929.67 ticks, tree = 923.22 MB, solutions = 3)
   2936  1254        0.0000   799       79.0000        0.0000  4274278  100.00%
   2944  1086        0.0000   724       79.0000        0.0000  4256246  100.00%
   2952  1259        0.0000   793       79.0000        0.0000  4274541  100.00%
   2959  1089        0.0000   728       79.0000        0.0000  4256646  100.00%
   2968  1195        0.0000   821       79.0000        0.0000  4274834  100.00%
   2978  1090       -0.0000   718       79.0000        0.0000  4257149  100.00%
   2987  1201        0.0000   809       79.0000        0.0000  4275170  100.00%
   2996  1272        0.0000   806       79.0000        0.0000  4275947  100.00%
   3006  1209        0.0000   799       79.0000        0.0000  4277412  100.00%
   3015  1278       -0.0000   800       79.0000        0.0000  4276826  100.00%
Elapsed time = 13310.27 sec. (7141482.01 ticks, tree = 1084.20 MB, solutions = 3)
   3023  1097        0.0000   739       79.0000        0.0000  4258333  100.00%
   3031  1216        0.0000   814       79.0000        0.0000  4278784  100.00%
   3039  1101        0.0000   739       79.0000        0.0000  4259375  100.00%
   3047  1221        0.0000   801       79.0000        0.0000  4281549  100.00%
   3053  1224        0.0000   812       79.0000        0.0000  4281703  100.00%
   3060  1227        0.0000   789       79.0000        0.0000  4289503  100.00%
   3066  1268        0.0000   760       79.0000        0.0000  4278404  100.00%
   3074  1268        0.0000   760       79.0000        0.0000  4278624  100.00%
   3082  1274        0.0000   647       79.0000        0.0000  4579944  100.00%
   3092  1273        0.0000   754       79.0000        0.0000  4278951  100.00%
Elapsed time = 13361.79 sec. (7188459.85 ticks, tree = 1092.01 MB, solutions = 3)
   3101  1240        0.0000   801       79.0000        0.0000  4290436  100.00%
   3109  1243        0.0000   804       79.0000        0.0000  4290744  100.00%
   3119  1246        0.0000   805       79.0000        0.0000  4291151  100.00%
   3124  1281        0.0000   648       79.0000        0.0000  4587198  100.00%
   3130  1284        0.0000   648       79.0000        0.0000  4587336  100.00%
   3136  1287        0.0000   648       79.0000        0.0000  4587474  100.00%
   3142  1290        0.0000   648       79.0000        0.0000  4587612  100.00%
   3148  1292        0.0000   648       79.0000        0.0000  4587704  100.00%
   3159  1362        0.0000   797       79.0000        0.0000  4604573  100.00%
   3167  1297        0.0000   624       79.0000        0.0000  4592939  100.00%
Elapsed time = 13472.77 sec. (7232568.42 ticks, tree = 1122.83 MB, solutions = 3)
   3172  1298        0.0000   644       79.0000        0.0000  4592965  100.00%
   3180  1371        0.0000   805       79.0000        0.0000  4606821  100.00%
   3184  1375        0.0000   812       79.0000        0.0000  4607226  100.00%
   3186  1377       -0.0000   813       79.0000        0.0000  4607502  100.00%
   3189  1380        0.0000   810       79.0000        0.0000  4607906  100.00%
   3193  1384        0.0000   808       79.0000        0.0000  4608275  100.00%
   3196  1387        0.0000   813       79.0000        0.0000  4608417  100.00%
   3200  1391        0.0000   812       79.0000        0.0000  4608422  100.00%
   3205  1396        0.0000   817       79.0000        0.0000  4608428  100.00%
   3209  1400        0.0000   808       79.0000        0.0000  4608665  100.00%
Elapsed time = 13684.71 sec. (7279505.32 ticks, tree = 1243.98 MB, solutions = 3)
   3212  1403        0.0000   782       79.0000        0.0000  4609105  100.00%
   3215  1406        0.0000   780       79.0000        0.0000  4609110  100.00%
   3219  1410        0.0000   784       79.0000        0.0000  4609207  100.00%
   3223  1414        0.0000   780       79.0000        0.0000  4609246  100.00%
   3231  1418        0.0000   780       79.0000        0.0000  4609250  100.00%
   3240  1389        0.0000   648       79.0000        0.0000  4602451  100.00%
   3250  1427        0.0000   780       79.0000        0.0000  4609259  100.00%
   3259  1393        0.0000   633       79.0000        0.0000  4602511  100.00%
   3268  1434        0.0000   798       79.0000        0.0000  4609589  100.00%
   3273  1398        0.0000   688       79.0000        0.0000  4603135  100.00%
Elapsed time = 13744.29 sec. (7323339.18 ticks, tree = 1210.33 MB, solutions = 3)
   3279  1401        0.0000   692       79.0000        0.0000  4603210  100.00%
   3284  1484        0.0000   794       79.0000        0.0000  4691881  100.00%
   3290  1404        0.0000   696       79.0000        0.0000  4606348  100.00%
   3295  1406        0.0000   703       79.0000        0.0000  4606368  100.00%
   3301  1493        0.0000   791       79.0000        0.0000  4693172  100.00%
   3307  1497        0.0000   785       79.0000        0.0000  4693284  100.00%
   3312  1499        0.0000   777       79.0000        0.0000  4693538  100.00%
   3322  1502        0.0000   779       79.0000        0.0000  4693784  100.00%
   3332  1391        0.0000   710       79.0000        0.0000  4681935  100.00%
   3341  1507        0.0000   789       79.0000        0.0000  4694611  100.00%
Elapsed time = 13862.57 sec. (7365911.79 ticks, tree = 1331.85 MB, solutions = 3)
   3347  1509        0.0000   795       79.0000        0.0000  4694690  100.00%
   3356  1522        0.0000   732       79.0000        0.0000  4699926  100.00%
   3365  1515        0.0000   800       79.0000        0.0000  4694921  100.00%
   3377  1395        0.0000   763       79.0000        0.0000  4682914  100.00%
   3387  1521        0.0000   804       79.0000        0.0000  4696090  100.00%
   3396  1396        0.0000   784       79.0000        0.0000  4689389  100.00%
   3403  1398        0.0000   779       79.0000        0.0000  4689412  100.00%
   3412  1398        0.0000   801       79.0000        0.0000  4689452  100.00%
   3424  1398        0.0000   787       79.0000        0.0000  4689483  100.00%
   3435  1548        0.0000   719       79.0000        0.0000  4701051  100.00%
Elapsed time = 14089.38 sec. (7408264.16 ticks, tree = 1325.38 MB, solutions = 3)
   3445  1402        0.0000   774       79.0000        0.0000  4689586  100.00%
   3451  1538        0.0000   784       79.0000        0.0000  4697124  100.00%
   3460  1541        0.0000   787       79.0000        0.0000  4697202  100.00%
   3469  1558        0.0000   732       79.0000        0.0000  4701519  100.00%
   3477  1410        0.0000   744       79.0000        0.0000  4691614  100.00%
   3485  1564        0.0000   730       79.0000        0.0000  4701683  100.00%
   3496  1552        0.0000   775       79.0000        0.0000  4697854  100.00%
   3503  1555        0.0000   776       79.0000        0.0000  4698132  100.00%
   3507  1558        0.0000   776       79.0000        0.0000  4698353  100.00%
   3510  1561       -0.0000   769       79.0000        0.0000  4698478  100.00%
Elapsed time = 14129.63 sec. (7450010.90 ticks, tree = 1395.15 MB, solutions = 3)
   3513  1640        0.0000   789       79.0000        0.0000  4837477  100.00%
   3517  1644        0.0000   774       79.0000        0.0000  4838324  100.00%
   3521  1533    infeasible             79.0000        0.0000  4814465  100.00%
   3522  1073        0.0000   667       79.0000        0.0000  4342299  100.00%
   3523  1644        0.0000   695       79.0000        0.0000  4838757  100.00%
   3527  1648        0.0000   699       79.0000        0.0000  4838781  100.00%
   3530  1649       -0.0000   688       79.0000        0.0000  4838844  100.00%
   3534  1653        0.0000   711       79.0000        0.0000  4839112  100.00%
   3536  1655        0.0000   714       79.0000        0.0000  4839221  100.00%
   3538  1560        0.0000   570       79.0000        0.0000  4864768  100.00%
Elapsed time = 14737.46 sec. (7692012.00 ticks, tree = 1398.94 MB, solutions = 3)
   3539   499        0.0000   636       79.0000        0.0000  3446861  100.00%
   3540   403        0.0000   691       79.0000        0.0000  3450674  100.00%
   3541  1280        0.0000   676       79.0000        0.0000  4551368  100.00%
   3542  1568        0.0000   683       79.0000        0.0000  4977233  100.00%

Performing restart 1

Repeating presolve.
Tried aggregator 1 time.
MIP Presolve eliminated 27258 rows and 18172 columns.
MIP Presolve modified 300 coefficients.
Reduced MIP has 1875636 rows, 1254757 columns, and 6755201 nonzeros.
Reduced MIP has 623684 binaries, 629261 generals, 0 SOSs, and 0 indicators.
Presolve time = 3.84 sec. (3597.70 ticks)
Represolve time = 1154.58 sec. (893005.34 ticks)

Root node processing (before b&c):
  Real time             = 3582.21 sec. (3425143.08 ticks)
Parallel b&c, 8 threads:
  Real time             = 14419.38 sec. (6824821.40 ticks)
  Sync time (average)   =    0.00 sec.
  Wait time (average)   =    0.00 sec.
                          ------------
Total (root+branch&cut) = 18001.59 sec. (10249964.48 ticks)
*** ERROR[SCRIPT_002] at 237:0 box/mixed-boxes-full-pro-seltol-limit.mod: Scripting runtime error: Can not write to "box/output/74236-seltrain20num8each20-export-error-mfullproseltol-3-t-300.csv"..
*** ERROR[SCRIPT_002] at 237:0 box/mixed-boxes-full-pro-seltol-limit.mod: Scripting runtime error: Can not write to "box/output/74236-seltrain20num8each20-export-error-mfullproseltol-3-t-300.csv"..
*** ERROR[SCRIPT_002] at 237:0 box/mixed-boxes-full-pro-seltol-limit.mod: Scripting runtime error: Can not write to "box/output/74236-seltrain20num8each20-export-error-mfullproseltol-3-t-300.csv"..
*** ERROR[SCRIPT_002] at 237:0 box/mixed-boxes-full-pro-seltol-limit.mod: Scripting runtime error: Can not write to "box/output/74236-seltrain20num8each20-export-error-mfullproseltol-3-t-300.csv"..
*** ERROR[SCRIPT_002] at 237:0 box/mixed-boxes-full-pro-seltol-limit.mod: Scripting runtime error: Can not write to "box/output/74236-seltrain20num8each20-export-error-mfullproseltol-3-t-300.csv"..
*** ERROR[SCRIPT_002] at 237:0 box/mixed-boxes-full-pro-seltol-limit.mod: Scripting runtime error: Can not write to "box/output/74236-seltrain20num8each20-export-error-mfullproseltol-3-t-300.csv"..
*** ERROR[SCRIPT_002] at 237:0 box/mixed-boxes-full-pro-seltol-limit.mod: Scripting runtime error: Can not write to "box/output/74236-seltrain20num8each20-export-error-mfullproseltol-3-t-300.csv"..
*** ERROR[SCRIPT_002] at 237:0 box/mixed-boxes-full-pro-seltol-limit.mod: Scripting runtime error: Can not write to "box/output/74236-seltrain20num8each20-export-error-mfullproseltol-3-t-300.csv"..
*** ERROR[SCRIPT_002] at 237:0 box/mixed-boxes-full-pro-seltol-limit.mod: Scripting runtime error: Can not write to "box/output/74236-seltrain20num8each20-export-error-mfullproseltol-3-t-300.csv"..
*** ERROR[SCRIPT_002] at 237:0 box/mixed-boxes-full-pro-seltol-limit.mod: Scripting runtime error: Can not write to "box/output/74236-seltrain20num8each20-export-error-mfullproseltol-3-t-300.csv"..
*** ERROR[SCRIPT_002] at 237:0 box/mixed-boxes-full-pro-seltol-limit.mod: Scripting runtime error: Can not write to "box/output/74236-seltrain20num8each20-export-error-mfullproseltol-3-t-300.csv"..
*** ERROR[SCRIPT_002] at 237:0 box/mixed-boxes-full-pro-seltol-limit.mod: Scripting runtime error: Can not write to "box/output/74236-seltrain20num8each20-export-error-mfullproseltol-3-t-300.csv"..
*** ERROR[SCRIPT_002] at 237:0 box/mixed-boxes-full-pro-seltol-limit.mod: Scripting runtime error: Can not write to "box/output/74236-seltrain20num8each20-export-error-mfullproseltol-3-t-300.csv"..
*** ERROR[SCRIPT_002] at 237:0 box/mixed-boxes-full-pro-seltol-limit.mod: Scripting runtime error: Can not write to "box/output/74236-seltrain20num8each20-export-error-mfullproseltol-3-t-300.csv"..
*** ERROR[SCRIPT_002] at 237:0 box/mixed-boxes-full-pro-seltol-limit.mod: Scripting runtime error: Can not write to "box/output/74236-seltrain20num8each20-export-error-mfullproseltol-3-t-300.csv"..
*** ERROR[SCRIPT_002] at 237:0 box/mixed-boxes-full-pro-seltol-limit.mod: Scripting runtime error: Can not write to "box/output/74236-seltrain20num8each20-export-error-mfullproseltol-3-t-300.csv"..
*** ERROR[SCRIPT_002] at 237:0 box/mixed-boxes-full-pro-seltol-limit.mod: Scripting runtime error: Can not write to "box/output/74236-seltrain20num8each20-export-error-mfullproseltol-3-t-300.csv"..
*** ERROR[SCRIPT_002] at 237:0 box/mixed-boxes-full-pro-seltol-limit.mod: Scripting runtime error: Can not write to "box/output/74236-seltrain20num8each20-export-error-mfullproseltol-3-t-300.csv"..
*** ERROR[SCRIPT_002] at 237:0 box/mixed-boxes-full-pro-seltol-limit.mod: Scripting runtime error: Can not write to "box/output/74236-seltrain20num8each20-export-error-mfullproseltol-3-t-300.csv"..
*** ERROR[SCRIPT_002] at 237:0 box/mixed-boxes-full-pro-seltol-limit.mod: Scripting runtime error: Can not write to "box/output/74236-seltrain20num8each20-export-error-mfullproseltol-3-t-300.csv"..
*** ERROR[SCRIPT_002] at 237:0 box/mixed-boxes-full-pro-seltol-limit.mod: Scripting runtime error: Can not write to "box/output/74236-seltrain20num8each20-export-error-mfullproseltol-3-t-300.csv"..
*** ERROR[SCRIPT_002] at 237:0 box/mixed-boxes-full-pro-seltol-limit.mod: Scripting runtime error: Can not write to "box/output/74236-seltrain20num8each20-export-error-mfullproseltol-3-t-300.csv"..
*** ERROR[SCRIPT_002] at 237:0 box/mixed-boxes-full-pro-seltol-limit.mod: Scripting runtime error: Can not write to "box/output/74236-seltrain20num8each20-export-error-mfullproseltol-3-t-300.csv"..
*** ERROR[SCRIPT_002] at 237:0 box/mixed-boxes-full-pro-seltol-limit.mod: Scripting runtime error: Can not write to "box/output/74236-seltrain20num8each20-export-error-mfullproseltol-3-t-300.csv"..
*** ERROR[SCRIPT_002] at 238:0 box/mixed-boxes-full-pro-seltol-limit.mod: Scripting runtime error: Can not write to "box/output/74236-seltrain20num8each20-export-error-mfullproseltol-3-t-300.csv"..
*** ERROR[SCRIPT_002] at 240:0 box/mixed-boxes-full-pro-seltol-limit.mod: Scripting runtime error: Can not write to "box/output/74236-seltrain20num8each20-export-error-mfullproseltol-3-t-300.csv"..
*** ERROR[SCRIPT_002] at 242:0 box/mixed-boxes-full-pro-seltol-limit.mod: Scripting runtime error: Can not write to "box/output/74236-seltrain20num8each20-export-error-mfullproseltol-3-t-300.csv"..
*** ERROR[SCRIPT_002] at 242:0 box/mixed-boxes-full-pro-seltol-limit.mod: Scripting runtime error: Can not write to "box/output/74236-seltrain20num8each20-export-error-mfullproseltol-3-t-300.csv"..
*** ERROR[SCRIPT_002] at 242:0 box/mixed-boxes-full-pro-seltol-limit.mod: Scripting runtime error: Can not write to "box/output/74236-seltrain20num8each20-export-error-mfullproseltol-3-t-300.csv"..
*** ERROR[SCRIPT_002] at 242:0 box/mixed-boxes-full-pro-seltol-limit.mod: Scripting runtime error: Can not write to "box/output/74236-seltrain20num8each20-export-error-mfullproseltol-3-t-300.csv"..
*** ERROR[SCRIPT_002] at 242:0 box/mixed-boxes-full-pro-seltol-limit.mod: Scripting runtime error: Can not write to "box/output/74236-seltrain20num8each20-export-error-mfullproseltol-3-t-300.csv"..
*** ERROR[SCRIPT_002] at 242:0 box/mixed-boxes-full-pro-seltol-limit.mod: Scripting runtime error: Can not write to "box/output/74236-seltrain20num8each20-export-error-mfullproseltol-3-t-300.csv"..
*** ERROR[SCRIPT_002] at 242:0 box/mixed-boxes-full-pro-seltol-limit.mod: Scripting runtime error: Can not write to "box/output/74236-seltrain20num8each20-export-error-mfullproseltol-3-t-300.csv"..
*** ERROR[SCRIPT_002] at 242:0 box/mixed-boxes-full-pro-seltol-limit.mod: Scripting runtime error: Can not write to "box/output/74236-seltrain20num8each20-export-error-mfullproseltol-3-t-300.csv"..
*** ERROR[SCRIPT_002] at 242:0 box/mixed-boxes-full-pro-seltol-limit.mod: Scripting runtime error: Can not write to "box/output/74236-seltrain20num8each20-export-error-mfullproseltol-3-t-300.csv"..
*** ERROR[SCRIPT_002] at 242:0 box/mixed-boxes-full-pro-seltol-limit.mod: Scripting runtime error: Can not write to "box/output/74236-seltrain20num8each20-export-error-mfullproseltol-3-t-300.csv"..
*** ERROR[SCRIPT_002] at 242:0 box/mixed-boxes-full-pro-seltol-limit.mod: Scripting runtime error: Can not write to "box/output/74236-seltrain20num8each20-export-error-mfullproseltol-3-t-300.csv"..
*** ERROR[SCRIPT_002] at 242:0 box/mixed-boxes-full-pro-seltol-limit.mod: Scripting runtime error: Can not write to "box/output/74236-seltrain20num8each20-export-error-mfullproseltol-3-t-300.csv"..
*** ERROR[SCRIPT_002] at 242:0 box/mixed-boxes-full-pro-seltol-limit.mod: Scripting runtime error: Can not write to "box/output/74236-seltrain20num8each20-export-error-mfullproseltol-3-t-300.csv"..
*** ERROR[SCRIPT_002] at 242:0 box/mixed-boxes-full-pro-seltol-limit.mod: Scripting runtime error: Can not write to "box/output/74236-seltrain20num8each20-export-error-mfullproseltol-3-t-300.csv"..
*** ERROR[SCRIPT_002] at 242:0 box/mixed-boxes-full-pro-seltol-limit.mod: Scripting runtime error: Can not write to "box/output/74236-seltrain20num8each20-export-error-mfullproseltol-3-t-300.csv"..
*** ERROR[SCRIPT_002] at 242:0 box/mixed-boxes-full-pro-seltol-limit.mod: Scripting runtime error: Can not write to "box/output/74236-seltrain20num8each20-export-error-mfullproseltol-3-t-300.csv"..
*** ERROR[SCRIPT_002] at 243:0 box/mixed-boxes-full-pro-seltol-limit.mod: Scripting runtime error: Can not write to "box/output/74236-seltrain20num8each20-export-error-mfullproseltol-3-t-300.csv"..
*** ERROR[SCRIPT_002] at 243:0 box/mixed-boxes-full-pro-seltol-limit.mod: Scripting runtime error: Can not write to "box/output/74236-seltrain20num8each20-export-error-mfullproseltol-3-t-300.csv"..
*** ERROR[SCRIPT_002] at 243:0 box/mixed-boxes-full-pro-seltol-limit.mod: Scripting runtime error: Can not write to "box/output/74236-seltrain20num8each20-export-error-mfullproseltol-3-t-300.csv"..
*** ERROR[SCRIPT_002] at 243:0 box/mixed-boxes-full-pro-seltol-limit.mod: Scripting runtime error: Can not write to "box/output/74236-seltrain20num8each20-export-error-mfullproseltol-3-t-300.csv"..
*** ERROR[SCRIPT_002] at 243:0 box/mixed-boxes-full-pro-seltol-limit.mod: Scripting runtime error: Can not write to "box/output/74236-seltrain20num8each20-export-error-mfullproseltol-3-t-300.csv"..
*** ERROR[SCRIPT_002] at 243:0 box/mixed-boxes-full-pro-seltol-limit.mod: Scripting runtime error: Can not write to "box/output/74236-seltrain20num8each20-export-error-mfullproseltol-3-t-300.csv"..
*** ERROR[SCRIPT_002] at 244:0 box/mixed-boxes-full-pro-seltol-limit.mod: Scripting runtime error: Can not write to "box/output/74236-seltrain20num8each20-export-error-mfullproseltol-3-t-300.csv"..
*** ERROR[SCRIPT_002] at 244:0 box/mixed-boxes-full-pro-seltol-limit.mod: Scripting runtime error: Can not write to "box/output/74236-seltrain20num8each20-export-error-mfullproseltol-3-t-300.csv"..
*** FATAL[GENERAL_005] at 244:0 box/mixed-boxes-full-pro-seltol-limit.mod: Too many errors, giving up at 50.
### OPL exception: Processing failed.
